<?xml version="1.0" encoding="UTF-8"?>
<!-- Generated by org.testng.reporters.JUnitXMLReporter -->
<testsuite hostname="DESKTOP-QJJH5DN" name="WalletHubTest" tests="5" failures="2" timestamp="6 Sep 2017 14:15:47 GMT" time="148.598" errors="0">
  <testcase name="verifyWalletHubLogin" time="4.77" classname="com.wallethub.testcases.WalletHubTestCase"/>
  <testcase name="verifyStarGlowAndClick" time="67.028" classname="com.wallethub.testcases.WalletHubTestCase">
    <failure type="org.openqa.selenium.TimeoutException" message="Expected condition failed: waiting for visibility of element located by By.xpath: //*[@class=&amp;apos;wh-rating-choices&amp;apos; or @class=&amp;apos;wh-rating-choices-holder&amp;apos;]/a[5] (tried for 30 second(s) with 500 MILLISECONDS interval)
Build info: version: &amp;apos;3.5.3&amp;apos;, revision: &amp;apos;a88d25fe6b&amp;apos;, time: &amp;apos;2017-08-29T12:42:44.417Z&amp;apos;
System info: host: &amp;apos;DESKTOP-QJJH5DN&amp;apos;, ip: &amp;apos;192.168.0.101&amp;apos;, os.name: &amp;apos;Windows 10&amp;apos;, os.arch: &amp;apos;amd64&amp;apos;, os.version: &amp;apos;10.0&amp;apos;, java.version: &amp;apos;1.8.0_111&amp;apos;
Driver info: org.openqa.selenium.firefox.FirefoxDriver
Capabilities [{moz:profile=C:\Users\amar\AppData\Local\Temp\rust_mozprofile.jsN4bjSpWwpU, rotatable=false, timeouts={implicit=0, pageLoad=300000, script=30000}, pageLoadStrategy=normal, platform=XP, specificationLevel=0, moz:accessibilityChecks=false, acceptInsecureCerts=false, browserVersion=55.0.3, platformVersion=10.0, moz:processID=23080, browserName=firefox, javascriptEnabled=true, platformName=XP}]
Session ID: f6c12d3d-1925-4d5a-b53a-c3e15293e62a">
      <![CDATA[org.openqa.selenium.TimeoutException: Expected condition failed: waiting for visibility of element located by By.xpath: //*[@class='wh-rating-choices' or @class='wh-rating-choices-holder']/a[5] (tried for 30 second(s) with 500 MILLISECONDS interval)
Build info: version: '3.5.3', revision: 'a88d25fe6b', time: '2017-08-29T12:42:44.417Z'
System info: host: 'DESKTOP-QJJH5DN', ip: '192.168.0.101', os.name: 'Windows 10', os.arch: 'amd64', os.version: '10.0', java.version: '1.8.0_111'
Driver info: org.openqa.selenium.firefox.FirefoxDriver
Capabilities [{moz:profile=C:\Users\amar\AppData\Local\Temp\rust_mozprofile.jsN4bjSpWwpU, rotatable=false, timeouts={implicit=0, pageLoad=300000, script=30000}, pageLoadStrategy=normal, platform=XP, specificationLevel=0, moz:accessibilityChecks=false, acceptInsecureCerts=false, browserVersion=55.0.3, platformVersion=10.0, moz:processID=23080, browserName=firefox, javascriptEnabled=true, platformName=XP}]
Session ID: f6c12d3d-1925-4d5a-b53a-c3e15293e62a
	at org.openqa.selenium.support.ui.WebDriverWait.timeoutException(WebDriverWait.java:80)
	at org.openqa.selenium.support.ui.FluentWait.until(FluentWait.java:232)
	at com.wallethub.util.DriverOperations.click(DriverOperations.java:36)
	at com.wallethub.modules.WalletHubMain.clickOnStar(WalletHubMain.java:55)
	at com.wallethub.testcases.WalletHubTestCase.verifyStarGlowAndClick(WalletHubTestCase.java:29)
... Removed 24 stack frames]]>
    </failure>
  </testcase> <!-- verifyStarGlowAndClick -->
  <testcase name="verifySelectPolicy" time="20.081" classname="com.wallethub.testcases.WalletHubTestCase"/>
  <testcase name="verifyWriteReview" time="21.088" classname="com.wallethub.testcases.WalletHubTestCase">
    <failure type="org.openqa.selenium.NoAlertPresentException" message="No modal dialog is currently open
Build info: version: &amp;apos;3.5.3&amp;apos;, revision: &amp;apos;a88d25fe6b&amp;apos;, time: &amp;apos;2017-08-29T12:42:44.417Z&amp;apos;
System info: host: &amp;apos;DESKTOP-QJJH5DN&amp;apos;, ip: &amp;apos;192.168.0.101&amp;apos;, os.name: &amp;apos;Windows 10&amp;apos;, os.arch: &amp;apos;amd64&amp;apos;, os.version: &amp;apos;10.0&amp;apos;, java.version: &amp;apos;1.8.0_111&amp;apos;
Driver info: org.openqa.selenium.firefox.FirefoxDriver
Capabilities [{moz:profile=C:\Users\amar\AppData\Local\Temp\rust_mozprofile.jsN4bjSpWwpU, rotatable=false, timeouts={implicit=0, pageLoad=300000, script=30000}, pageLoadStrategy=normal, platform=XP, specificationLevel=0, moz:accessibilityChecks=false, acceptInsecureCerts=false, browserVersion=55.0.3, platformVersion=10.0, moz:processID=23080, browserName=firefox, javascriptEnabled=true, platformName=XP}]
Session ID: f6c12d3d-1925-4d5a-b53a-c3e15293e62a">
      <![CDATA[org.openqa.selenium.NoAlertPresentException: No modal dialog is currently open
Build info: version: '3.5.3', revision: 'a88d25fe6b', time: '2017-08-29T12:42:44.417Z'
System info: host: 'DESKTOP-QJJH5DN', ip: '192.168.0.101', os.name: 'Windows 10', os.arch: 'amd64', os.version: '10.0', java.version: '1.8.0_111'
Driver info: org.openqa.selenium.firefox.FirefoxDriver
Capabilities [{moz:profile=C:\Users\amar\AppData\Local\Temp\rust_mozprofile.jsN4bjSpWwpU, rotatable=false, timeouts={implicit=0, pageLoad=300000, script=30000}, pageLoadStrategy=normal, platform=XP, specificationLevel=0, moz:accessibilityChecks=false, acceptInsecureCerts=false, browserVersion=55.0.3, platformVersion=10.0, moz:processID=23080, browserName=firefox, javascriptEnabled=true, platformName=XP}]
Session ID: f6c12d3d-1925-4d5a-b53a-c3e15293e62a
	at org.openqa.selenium.remote.http.W3CHttpResponseCodec.createException(W3CHttpResponseCodec.java:185)
	at org.openqa.selenium.remote.http.W3CHttpResponseCodec.decode(W3CHttpResponseCodec.java:120)
	at org.openqa.selenium.remote.http.W3CHttpResponseCodec.decode(W3CHttpResponseCodec.java:49)
	at org.openqa.selenium.remote.HttpCommandExecutor.execute(HttpCommandExecutor.java:164)
	at org.openqa.selenium.remote.service.DriverCommandExecutor.execute(DriverCommandExecutor.java:82)
	at org.openqa.selenium.remote.RemoteWebDriver.execute(RemoteWebDriver.java:646)
	at org.openqa.selenium.remote.RemoteWebDriver.execute(RemoteWebDriver.java:703)
	at org.openqa.selenium.remote.RemoteWebDriver$RemoteTargetLocator.alert(RemoteWebDriver.java:1029)
	at com.wallethub.util.DriverOperations.handlePopUp(DriverOperations.java:90)
	at com.wallethub.modules.WalletHubMain.writeReview(WalletHubMain.java:108)
	at com.wallethub.testcases.WalletHubTestCase.verifyWriteReview(WalletHubTestCase.java:42)
... Removed 28 stack frames]]>
    </failure>
  </testcase> <!-- verifyWriteReview -->
  <testcase name="confirmReview" time="5.761" classname="com.wallethub.testcases.WalletHubTestCase"/>
</testsuite> <!-- WalletHubTest -->
